<?xml version="1.0" encoding="UTF-8"?>
<!-- Generated by org.testng.reporters.JUnitXMLReporter -->
<testsuite ignored="0" hostname="DESKTOP-51JIPKB" failures="0" tests="3" name="Default test" time="3.291" errors="0" timestamp="2024-01-03T04:41:02 EST">
  <testcase classname="files.DynamicJson" name="addBook" time="2.304"/>
  <testcase classname="files.DynamicJson" name="addBook" time="0.46"/>
  <testcase classname="files.DynamicJson" name="addBook" time="0.468"/>
</testsuite> <!-- Default test -->
