<?xml version="1.0" encoding="UTF-8"?>
<testng-results ignored="0" total="3" passed="3" failed="0" skipped="0">
  <reporter-output>
  </reporter-output>
  <suite started-at="2024-01-03T04:40:58 EST" name="Default suite" finished-at="2024-01-03T04:41:02 EST" duration-ms="3291">
    <groups>
    </groups>
    <test started-at="2024-01-03T04:40:58 EST" name="Default test" finished-at="2024-01-03T04:41:02 EST" duration-ms="3291">
      <class name="files.DynamicJson">
        <test-method signature="addBook(java.lang.String,java.lang.String)[pri:0, instance:files.DynamicJson@7fa98a66]" started-at="2024-01-03T04:40:58 EST" name="addBook" data-provider="BooksData" finished-at="2024-01-03T04:41:01 EST" duration-ms="2304" status="PASS">
          <params>
            <param index="0">
              <value>
                <![CDATA[ertklj]]>
              </value>
            </param>
            <param index="1">
              <value>
                <![CDATA[242]]>
              </value>
            </param>
          </params>
          <reporter-output>
          </reporter-output>
        </test-method> <!-- addBook -->
        <test-method signature="addBook(java.lang.String,java.lang.String)[pri:0, instance:files.DynamicJson@7fa98a66]" started-at="2024-01-03T04:41:01 EST" name="addBook" data-provider="BooksData" finished-at="2024-01-03T04:41:01 EST" duration-ms="460" status="PASS">
          <params>
            <param index="0">
              <value>
                <![CDATA[gfre]]>
              </value>
            </param>
            <param index="1">
              <value>
                <![CDATA[123425]]>
              </value>
            </param>
          </params>
          <reporter-output>
          </reporter-output>
        </test-method> <!-- addBook -->
        <test-method signature="addBook(java.lang.String,java.lang.String)[pri:0, instance:files.DynamicJson@7fa98a66]" started-at="2024-01-03T04:41:01 EST" name="addBook" data-provider="BooksData" finished-at="2024-01-03T04:41:02 EST" duration-ms="468" status="PASS">
          <params>
            <param index="0">
              <value>
                <![CDATA[bngr]]>
              </value>
            </param>
            <param index="1">
              <value>
                <![CDATA[54658]]>
              </value>
            </param>
          </params>
          <reporter-output>
          </reporter-output>
        </test-method> <!-- addBook -->
      </class> <!-- files.DynamicJson -->
    </test> <!-- Default test -->
  </suite> <!-- Default suite -->
</testng-results>
